<?xml version="1.0" encoding="UTF-8"?>
<!-- Generated by org.testng.reporters.JUnitXMLReporter -->
<testsuite ignored="2" hostname="DESKTOP-QUMESAL" failures="0" tests="3" name="LoginTest" time="0.068" errors="0" timestamp="2022-12-18T19:43:17 IST">
  <testcase classname="groupingtests.Login" name="loginWithValidCredentials" time="0.017"/>
  <testcase classname="groupingtests.Login" name="loginWithValidEmailAndInvalidPassword" time="0.004"/>
  <testcase classname="groupingtests.Login" name="loginWithInvalidEmailAndValidPassword" time="0.008"/>
  <testcase classname="groupingtests.Login" name="loginWithInvalidCredentials" time="0.0">
    <ignored/>
  </testcase> <!-- loginWithInvalidCredentials -->
  <testcase classname="groupingtests.Login" name="loginWithoutCredentials" time="0.0">
    <ignored/>
  </testcase> <!-- loginWithoutCredentials -->
</testsuite> <!-- LoginTest -->
