<?xml version="1.0" encoding="UTF-8"?>
<!-- Generated by org.testng.reporters.JUnitXMLReporter -->
<testsuite ignored="2" hostname="DESKTOP-QUMESAL" failures="0" tests="2" name="RegisterTest" time="0.247" errors="0" timestamp="2022-12-18T19:43:17 IST">
  <testcase classname="groupingtests.Register" name="registerByProvidingOnlyMandatoryFields" time="0.029"/>
  <testcase classname="groupingtests.Register" name="registerByProvidingAllFields" time="0.006"/>
  <testcase classname="groupingtests.Register" name="registerByNotProvidingAnyFields" time="0.0">
    <ignored/>
  </testcase> <!-- registerByNotProvidingAnyFields -->
  <testcase classname="groupingtests.Register" name="registerByProvidingDupicateEmail" time="0.0">
    <ignored/>
  </testcase> <!-- registerByProvidingDupicateEmail -->
</testsuite> <!-- RegisterTest -->
