<?xml version="1.0" encoding="UTF-8"?>
<!-- Generated by org.testng.reporters.JUnitXMLReporter -->
<testsuite ignored="2" hostname="DESKTOP-QUMESAL" failures="0" tests="1" name="SearchTest" time="0.03" errors="0" timestamp="2022-12-18T19:43:17 IST">
  <testcase classname="groupingtests.Search" name="searchWithoutAnyProduct" time="0.005"/>
  <testcase classname="groupingtests.Search" name="searchForValidProduct" time="0.0">
    <ignored/>
  </testcase> <!-- searchForValidProduct -->
  <testcase classname="groupingtests.Search" name="searchForAnInvalidProduct" time="0.0">
    <ignored/>
  </testcase> <!-- searchForAnInvalidProduct -->
</testsuite> <!-- SearchTest -->
