<?xml version="1.0" encoding="UTF-8"?>
<!-- Generated by org.testng.reporters.JUnitXMLReporter -->
<testsuite ignored="4" hostname="DESKTOP-QUMESAL" failures="0" tests="8" name="Test" time="0.276" errors="0" timestamp="2022-12-18T18:40:18 IST">
  <testcase classname="groupingtests.Register" name="registerByProvidingOnlyMandatoryFields" time="0.023"/>
  <testcase classname="groupingtests.Register" name="registerByProvidingAllFields" time="0.004"/>
  <testcase classname="groupingtests.Login" name="loginWithValidCredentials" time="0.007"/>
  <testcase classname="groupingtests.Login" name="loginWithValidEmailAndInvalidPassword" time="0.002"/>
  <testcase classname="groupingtests.Login" name="loginWithInvalidEmailAndValidPassword" time="0.01"/>
  <testcase classname="groupingtests.Login" name="loginWithInvalidCredentials" time="0.007"/>
  <testcase classname="groupingtests.Login" name="loginWithoutCredentials" time="0.009"/>
  <testcase classname="groupingtests.Search" name="searchForValidProduct" time="0.007"/>
  <testcase classname="groupingtests.Search" name="searchWithoutAnyProduct" time="0.0">
    <ignored/>
  </testcase> <!-- searchWithoutAnyProduct -->
  <testcase classname="groupingtests.Register" name="registerByNotProvidingAnyFields" time="0.0">
    <ignored/>
  </testcase> <!-- registerByNotProvidingAnyFields -->
  <testcase classname="groupingtests.Register" name="registerByProvidingDupicateEmail" time="0.0">
    <ignored/>
  </testcase> <!-- registerByProvidingDupicateEmail -->
  <testcase classname="groupingtests.Search" name="searchForAnInvalidProduct" time="0.0">
    <ignored/>
  </testcase> <!-- searchForAnInvalidProduct -->
</testsuite> <!-- Test -->
